<?xml version="1.0" encoding="UTF-8"?>
<testng-results ignored="0" total="1" passed="1" failed="0" skipped="0">
  <reporter-output>
  </reporter-output>
  <suite started-at="2024-07-30T23:58:26 ICT" name="Default suite" finished-at="2024-07-30T23:58:48 ICT" duration-ms="21624">
    <groups>
    </groups>
    <test started-at="2024-07-30T23:58:26 ICT" name="Default test" finished-at="2024-07-30T23:58:48 ICT" duration-ms="21624">
      <class name="automation.testsuite.Day8_Practice">
        <test-method is-config="true" signature="openBrowser()[pri:0, instance:automation.testsuite.Day8_Practice@4c1909a3]" started-at="2024-07-30T23:58:26 ICT" name="openBrowser" finished-at="2024-07-30T23:58:47 ICT" duration-ms="21537" status="PASS">
          <reporter-output>
          </reporter-output>
        </test-method> <!-- openBrowser -->
        <test-method signature="getElement()[pri:0, instance:automation.testsuite.Day8_Practice@4c1909a3]" started-at="2024-07-30T23:58:47 ICT" name="getElement" finished-at="2024-07-30T23:58:48 ICT" duration-ms="65" status="PASS">
          <reporter-output>
          </reporter-output>
        </test-method> <!-- getElement -->
      </class> <!-- automation.testsuite.Day8_Practice -->
    </test> <!-- Default test -->
  </suite> <!-- Default suite -->
</testng-results>
